<testsuite timestamp="2018-09-07T15:48:31.958156+03:00" time="0.002228817">
  <testcase name="TestBasicJSON" classname="github.com/joomcode/api/src/misc/encoding/jsonx" timestamp="2018-09-07T15:48:31.958156+03:00" time="0.000196729">
    <system-out>=== RUN   TestBasicJSON&#xA;--- PASS: TestBasicJSON (0.00s)&#xA;</system-out>
  </testcase>
  <testcase name="TestScoping" classname="github.com/joomcode/api/src/misc/encoding/jsonx" timestamp="2018-09-07T15:48:31.958349+03:00" time="3.8566e-05">
    <system-out>=== RUN   TestScoping&#xA;--- PASS: TestScoping (0.00s)&#xA;</system-out>
  </testcase>
  <testcase name="TestInline" classname="github.com/joomcode/api/src/misc/encoding/jsonx" timestamp="2018-09-07T15:48:31.958385+03:00" time="8.1854e-05">
    <system-out>=== RUN   TestInline&#xA;--- PASS: TestInline (0.00s)&#xA;</system-out>
  </testcase>
  <testcase name="TestGetJSON" classname="github.com/joomcode/api/src/misc/encoding/jsonx" timestamp="2018-09-07T15:48:31.958461+03:00" time="8.0991e-05">
    <system-out>=== RUN   TestGetJSON&#xA;--- PASS: TestGetJSON (0.00s)&#xA;</system-out>
  </testcase>
  <testcase name="TestGetJSONInline" classname="github.com/joomcode/api/src/misc/encoding/jsonx" timestamp="2018-09-07T15:48:31.958537+03:00" time="4.9349e-05">
    <system-out>=== RUN   TestGetJSONInline&#xA;--- PASS: TestGetJSONInline (0.00s)&#xA;</system-out>
  </testcase>
  <testcase name="TestGetJSONError" classname="github.com/joomcode/api/src/misc/encoding/jsonx" timestamp="2018-09-07T15:48:31.958582+03:00" time="5.9005e-05">
    <system-out>=== RUN   TestGetJSONError&#xA;--- PASS: TestGetJSONError (0.00s)&#xA;</system-out>
  </testcase>
  <testcase name="TestZeroID128" classname="github.com/joomcode/api/src/misc/encoding/jsonx" timestamp="2018-09-07T15:48:31.958637+03:00" time="3.4384e-05">
    <system-out>=== RUN   TestZeroID128&#xA;--- PASS: TestZeroID128 (0.00s)&#xA;</system-out>
  </testcase>
  <testcase name="TestBasicUnmarshal" classname="github.com/joomcode/api/src/misc/encoding/jsonx" timestamp="2018-09-07T15:48:31.958667+03:00" time="0.000371638">
    <failure type="failed"></failure>
    <system-out>=== RUN   TestBasicUnmarshal&#xA;--- FAIL: TestBasicUnmarshal (0.00s)&#xA;    assertions.go:239: &#xD;                          &#xD;&#x9;Error Trace:&#x9;unmarshal_test.go:154&#xA;        &#xD;&#x9;            &#x9;&#xD;&#x9;&#x9;&#x9;unmarshal_test.go:98&#xA;        &#xD;&#x9;Error:      &#x9;Not equal: &#xA;        &#xD;&#x9;            &#x9;expected: 4&#xA;        &#xD;&#x9;            &#x9;actual: 3&#xA;    assertions.go:239: &#xD;                          &#xD;&#x9;Error Trace:&#x9;unmarshal_test.go:154&#xA;        &#xD;&#x9;            &#x9;&#xD;&#x9;&#x9;&#x9;unmarshal_test.go:98&#xA;        &#xD;&#x9;Error:      &#x9;Not equal: &#xA;        &#xD;&#x9;            &#x9;expected: 4&#xA;        &#xD;&#x9;            &#x9;actual: 3&#xA;</system-out>
  </testcase>
  <testcase name="TestInheritUnmarshal" classname="github.com/joomcode/api/src/misc/encoding/jsonx" timestamp="2018-09-07T15:48:31.959033+03:00" time="0.000135858">
    <failure type="failed"></failure>
    <system-out>=== RUN   TestInheritUnmarshal&#xA;--- FAIL: TestInheritUnmarshal (0.00s)&#xA;    assertions.go:239: &#xD;                          &#xD;&#x9;Error Trace:&#x9;unmarshal_test.go:154&#xA;        &#xD;&#x9;            &#x9;&#xD;&#x9;&#x9;&#x9;unmarshal_test.go:109&#xA;        &#xD;&#x9;Error:      &#x9;Not equal: &#xA;        &#xD;&#x9;            &#x9;expected: 4&#xA;        &#xD;&#x9;            &#x9;actual: 3&#xA;    assertions.go:239: &#xD;                          &#xD;&#x9;Error Trace:&#x9;unmarshal_test.go:154&#xA;        &#xD;&#x9;            &#x9;&#xD;&#x9;&#x9;&#x9;unmarshal_test.go:109&#xA;        &#xD;&#x9;Error:      &#x9;Not equal: &#xA;        &#xD;&#x9;            &#x9;expected: 4&#xA;        &#xD;&#x9;            &#x9;actual: 3&#xA;</system-out>
  </testcase>
  <testcase name="TestInheritPtrUnmarshal" classname="github.com/joomcode/api/src/misc/encoding/jsonx" timestamp="2018-09-07T15:48:31.959162+03:00" time="0.000107919">
    <failure type="failed"></failure>
    <system-out>=== RUN   TestInheritPtrUnmarshal&#xA;--- FAIL: TestInheritPtrUnmarshal (0.00s)&#xA;    assertions.go:239: &#xD;                          &#xD;&#x9;Error Trace:&#x9;unmarshal_test.go:154&#xA;        &#xD;&#x9;            &#x9;&#xD;&#x9;&#x9;&#x9;unmarshal_test.go:126&#xA;        &#xD;&#x9;Error:      &#x9;Not equal: &#xA;        &#xD;&#x9;            &#x9;expected: 4&#xA;        &#xD;&#x9;            &#x9;actual: 3&#xA;    assertions.go:239: &#xD;                          &#xD;&#x9;Error Trace:&#x9;unmarshal_test.go:154&#xA;        &#xD;&#x9;            &#x9;&#xD;&#x9;&#x9;&#x9;unmarshal_test.go:126&#xA;        &#xD;&#x9;Error:      &#x9;Not equal: &#xA;        &#xD;&#x9;            &#x9;expected: 4&#xA;        &#xD;&#x9;            &#x9;actual: 3&#xA;</system-out>
  </testcase>
  <testcase name="TestUnflatten" classname="github.com/joomcode/api/src/misc/encoding/jsonx" timestamp="2018-09-07T15:48:31.959267+03:00" time="2.9847e-05"><skipped/>
    <system-out>=== RUN   TestUnflatten&#xA;--- SKIP: TestUnflatten (0.00s)&#xA;</system-out>
  </testcase>
  <testcase name="TestUnmarshalFromMap" classname="github.com/joomcode/api/src/misc/encoding/jsonx" timestamp="2018-09-07T15:48:31.959293+03:00" time="0.001091639">
    <failure type="failed"></failure>
    <system-out>=== RUN   TestUnmarshalFromMap&#xA;--- FAIL: TestUnmarshalFromMap (0.00s)&#xA;    assertions.go:239: &#xD;                          &#xD;&#x9;Error Trace:&#x9;unmarshal_test.go:154&#xA;        &#xD;&#x9;            &#x9;&#xD;&#x9;&#x9;&#x9;unmarshal_test.go:197&#xA;        &#xD;&#x9;Error:      &#x9;Not equal: &#xA;        &#xD;&#x9;            &#x9;expected: 4&#xA;        &#xD;&#x9;            &#x9;actual: 3&#xA;FAIL&#xA;</system-out>
  </testcase>
  <system-out>=== RUN   TestBasicJSON&#xA;--- PASS: TestBasicJSON (0.00s)&#xA;=== RUN   TestScoping&#xA;--- PASS: TestScoping (0.00s)&#xA;=== RUN   TestInline&#xA;--- PASS: TestInline (0.00s)&#xA;=== RUN   TestGetJSON&#xA;--- PASS: TestGetJSON (0.00s)&#xA;=== RUN   TestGetJSONInline&#xA;--- PASS: TestGetJSONInline (0.00s)&#xA;=== RUN   TestGetJSONError&#xA;--- PASS: TestGetJSONError (0.00s)&#xA;=== RUN   TestZeroID128&#xA;--- PASS: TestZeroID128 (0.00s)&#xA;=== RUN   TestBasicUnmarshal&#xA;--- FAIL: TestBasicUnmarshal (0.00s)&#xA;    assertions.go:239: &#xD;                          &#xD;&#x9;Error Trace:&#x9;unmarshal_test.go:154&#xA;        &#xD;&#x9;            &#x9;&#xD;&#x9;&#x9;&#x9;unmarshal_test.go:98&#xA;        &#xD;&#x9;Error:      &#x9;Not equal: &#xA;        &#xD;&#x9;            &#x9;expected: 4&#xA;        &#xD;&#x9;            &#x9;actual: 3&#xA;    assertions.go:239: &#xD;                          &#xD;&#x9;Error Trace:&#x9;unmarshal_test.go:154&#xA;        &#xD;&#x9;            &#x9;&#xD;&#x9;&#x9;&#x9;unmarshal_test.go:98&#xA;        &#xD;&#x9;Error:      &#x9;Not equal: &#xA;        &#xD;&#x9;            &#x9;expected: 4&#xA;        &#xD;&#x9;            &#x9;actual: 3&#xA;=== RUN   TestInheritUnmarshal&#xA;--- FAIL: TestInheritUnmarshal (0.00s)&#xA;    assertions.go:239: &#xD;                          &#xD;&#x9;Error Trace:&#x9;unmarshal_test.go:154&#xA;        &#xD;&#x9;            &#x9;&#xD;&#x9;&#x9;&#x9;unmarshal_test.go:109&#xA;        &#xD;&#x9;Error:      &#x9;Not equal: &#xA;        &#xD;&#x9;            &#x9;expected: 4&#xA;        &#xD;&#x9;            &#x9;actual: 3&#xA;    assertions.go:239: &#xD;                          &#xD;&#x9;Error Trace:&#x9;unmarshal_test.go:154&#xA;        &#xD;&#x9;            &#x9;&#xD;&#x9;&#x9;&#x9;unmarshal_test.go:109&#xA;        &#xD;&#x9;Error:      &#x9;Not equal: &#xA;        &#xD;&#x9;            &#x9;expected: 4&#xA;        &#xD;&#x9;            &#x9;actual: 3&#xA;=== RUN   TestInheritPtrUnmarshal&#xA;--- FAIL: TestInheritPtrUnmarshal (0.00s)&#xA;    assertions.go:239: &#xD;                          &#xD;&#x9;Error Trace:&#x9;unmarshal_test.go:154&#xA;        &#xD;&#x9;            &#x9;&#xD;&#x9;&#x9;&#x9;unmarshal_test.go:126&#xA;        &#xD;&#x9;Error:      &#x9;Not equal: &#xA;        &#xD;&#x9;            &#x9;expected: 4&#xA;        &#xD;&#x9;            &#x9;actual: 3&#xA;    assertions.go:239: &#xD;                          &#xD;&#x9;Error Trace:&#x9;unmarshal_test.go:154&#xA;        &#xD;&#x9;            &#x9;&#xD;&#x9;&#x9;&#x9;unmarshal_test.go:126&#xA;        &#xD;&#x9;Error:      &#x9;Not equal: &#xA;        &#xD;&#x9;            &#x9;expected: 4&#xA;        &#xD;&#x9;            &#x9;actual: 3&#xA;=== RUN   TestUnflatten&#xA;--- SKIP: TestUnflatten (0.00s)&#xA;=== RUN   TestUnmarshalFromMap&#xA;--- FAIL: TestUnmarshalFromMap (0.00s)&#xA;    assertions.go:239: &#xD;                          &#xD;&#x9;Error Trace:&#x9;unmarshal_test.go:154&#xA;        &#xD;&#x9;            &#x9;&#xD;&#x9;&#x9;&#x9;unmarshal_test.go:197&#xA;        &#xD;&#x9;Error:      &#x9;Not equal: &#xA;        &#xD;&#x9;            &#x9;expected: 4&#xA;        &#xD;&#x9;            &#x9;actual: 3&#xA;FAIL&#xA;</system-out>
</testsuite>